#
# A fatal error has been detected by the Java Runtime Environment:
#
#  EXCEPTION_IN_PAGE_ERROR (0xc0000006) at pc=0x00000000033b8888, pid=4924, tid=0x0000000000000c08
#
# JRE version: OpenJDK Runtime Environment (8.0_112-b06) (build 1.8.0_112-release-b06)
# Java VM: OpenJDK 64-Bit Server VM (25.112-b06 mixed mode windows-amd64 compressed oops)
# Problematic frame:
# J 8658 C2 com.sun.org.apache.xerces.internal.impl.XMLEntityScanner.scanData(Ljava/lang/String;Lcom/sun/org/apache/xerces/internal/util/XMLStringBuffer;)Z (1043 bytes) @ 0x00000000033b8888 [0x00000000033b7ae0+0xda8]
#
# Failed to write core dump. Minidumps are not enabled by default on client versions of Windows
#
# If you would like to submit a bug report, please visit:
#   http://bugreport.java.com/bugreport/crash.jsp
#

---------------  T H R E A D  ---------------

Current thread (0x0000000058b06000):  JavaThread "Daemon worker Thread 4" [_thread_in_Java, id=3080, stack(0x0000000059c20000,0x0000000059d20000)]

siginfo: ExceptionCode=0xc0000006, ExceptionInformation=0x0000000000000001 0x00000000e05ee000 0x00000000c0000185 

Registers:
RAX=0x0000000000000001, RBX=0x00000000e05eec48, RCX=0x0000000000000c57, RDX=0x0000000000000cc9
RSP=0x0000000059d18eb0, RBP=0x0000000000000000, RSI=0x000000000000001a, RDI=0x0000000000000305
R8 =0x0000000000000c50, R9 =0x0000000000000620, R10=0x00000000e05edff8, R11=0x00000000e05ed9c8
R12=0x0000000000000000, R13=0x00000000000002ec, R14=0x00000000e05e8b80, R15=0x0000000058b06000
RIP=0x00000000033b8888, EFLAGS=0x0000000000010283

Top of Stack: (sp=0x0000000059d18eb0)
0x0000000059d18eb0:   0000000000000000 000000005dda37fa
0x0000000059d18ec0:   00000000e05d9448 00000000e05d2980
0x0000000059d18ed0:   00000000e05daa18 00000000a0163a20
0x0000000059d18ee0:   e05e8c000000002d 0000000200000307
0x0000000059d18ef0:   00000000a062d4c0 00000000e05dcde8
0x0000000059d18f00:   0000000100000620 0000000000000001
0x0000000059d18f10:   0000001a000002eb 0000000000000310
0x0000000059d18f20:   0000001c00000000 0000000000000000
0x0000000059d18f30:   00000000e05e6a40 000000000375f6dc
0x0000000059d18f40:   00000000a03d4810 0000000000000000
0x0000000059d18f50:   00000000ffffffff 00000000032c5850
0x0000000059d18f60:   0000000000000004 0000000000000001
0x0000000059d18f70:   00000000e05dc710 0000000002d62bc4
0x0000000059d18f80:   00000000e05e6b40 00000000e05e8c00
0x0000000059d18f90:   0000000000000004 0000001c00000040
0x0000000059d18fa0:   00000000e05e6aa8 0000000000000000 

Instructions: (pc=0x00000000033b8888)
0x00000000033b8868:   70 0f 83 ce 05 00 00 49 89 5f 60 0f 18 83 00 01
0x00000000033b8878:   00 00 49 c7 02 01 00 00 00 0f 18 83 40 01 00 00
0x00000000033b8888:   41 c7 42 08 f8 01 43 15 44 8b 4c 24 50 45 89 4a
0x00000000033b8898:   0c 0f 18 83 80 01 00 00 49 8b fa 48 83 c7 10 48 


Register to memory mapping:

RAX=0x0000000000000001 is an unknown value
RBX=
[error occurred during error reporting (printing register info), id 0xc0000006]

Stack: [0x0000000059c20000,0x0000000059d20000],  sp=0x0000000059d18eb0,  free space=995k
Native frames: (J=compiled Java code, j=interpreted, Vv=VM code, C=native code)


---------------  P R O C E S S  ---------------

Java Threads: ( => current thread )
  0x0000000058b00800 JavaThread "Stdin handler" [_thread_blocked, id=4912, stack(0x000000005d7f0000,0x000000005d8f0000)]
  0x0000000058b05000 JavaThread "Asynchronous log dispatcher for DefaultDaemonConnection: socket connection from /127.0.0.1:51902 to /127.0.0.1:53680" [_thread_blocked, id=4036, stack(0x0000000059f30000,0x000000005a030000)]
=>0x0000000058b06000 JavaThread "Daemon worker Thread 4" [_thread_in_Java, id=3080, stack(0x0000000059c20000,0x0000000059d20000)]
  0x0000000058b06800 JavaThread "Cancel handler" [_thread_blocked, id=5692, stack(0x0000000059180000,0x0000000059280000)]
  0x0000000058b01800 JavaThread "Handler for socket connection from /127.0.0.1:51902 to /127.0.0.1:53680" [_thread_in_native, id=1904, stack(0x0000000059a90000,0x0000000059b90000)]
  0x0000000058b04800 JavaThread "Daemon Thread 4" [_thread_blocked, id=1412, stack(0x0000000059820000,0x0000000059920000)]
  0x000000005acf2800 JavaThread "pool-2-thread-1" [_thread_blocked, id=4324, stack(0x000000005d3a0000,0x000000005d4a0000)]
  0x00000000580a1000 JavaThread "File lock request listener" [_thread_in_native, id=2484, stack(0x000000005a340000,0x000000005a440000)]
  0x00000000578a3800 JavaThread "pool-1-thread-1" [_thread_in_vm, id=4244, stack(0x0000000059e20000,0x0000000059f20000)]
  0x0000000056f00800 JavaThread "Incoming local TCP Connector on port 51902" [_thread_in_native, id=788, stack(0x0000000059280000,0x0000000059380000)]
  0x0000000056f10800 JavaThread "Service Thread" daemon [_thread_blocked, id=4524, stack(0x00000000573d0000,0x00000000574d0000)]
  0x0000000055dce800 JavaThread "C1 CompilerThread1" daemon [_thread_blocked, id=3880, stack(0x0000000056ab0000,0x0000000056bb0000)]
  0x0000000055dc6800 JavaThread "C2 CompilerThread0" daemon [_thread_blocked, id=3084, stack(0x0000000056e00000,0x0000000056f00000)]
  0x0000000055dc5000 JavaThread "Attach Listener" daemon [_thread_blocked, id=1760, stack(0x0000000056bf0000,0x0000000056cf0000)]
  0x0000000055dc3800 JavaThread "Signal Dispatcher" daemon [_thread_blocked, id=3128, stack(0x0000000056950000,0x0000000056a50000)]
  0x0000000055dac000 JavaThread "Finalizer" daemon [_thread_blocked, id=3140, stack(0x0000000056840000,0x0000000056940000)]
  0x0000000055d62800 JavaThread "Reference Handler" daemon [_thread_blocked, id=3328, stack(0x0000000056670000,0x0000000056770000)]
  0x0000000001d2d800 JavaThread "main" [_thread_blocked, id=4392, stack(0x0000000002000000,0x0000000002100000)]

Other Threads:
  0x0000000055d5a800 VMThread [stack: 0x0000000056500000,0x0000000056600000] [id=2112]
  0x0000000056f21800 WatcherThread [stack: 0x0000000056d00000,0x0000000056e00000] [id=2604]

VM state:synchronizing (normal execution)

VM Mutex/Monitor currently owned by a thread:  ([mutex/lock_event])
[0x0000000001d2bcd0] Safepoint_lock - owner thread: 0x0000000055d5a800
[0x0000000001d2bd50] Threads_lock - owner thread: 0x0000000055d5a800

Heap:
 PSYoungGen      total 420352K, used 29991K [0x00000000e0000000, 0x00000000fbd80000, 0x0000000100000000)
  eden space 395776K, 1% used [0x00000000e0000000,0x00000000e068ca78,0x00000000f8280000)
  from space 24576K, 94% used [0x00000000f9e00000,0x00000000fb4bd1a8,0x00000000fb600000)
  to   space 28160K, 0% used [0x00000000f8280000,0x00000000f8280000,0x00000000f9e00000)
 ParOldGen       total 99328K, used 50941K [0x00000000a0000000, 0x00000000a6100000, 0x00000000e0000000)
  object space 99328K, 51% used [0x00000000a0000000,0x00000000a31bf7a8,0x00000000a6100000)
 Metaspace       used 67915K, capacity 71584K, committed 71768K, reserved 1112064K
  class space    used 8770K, capacity 9514K, committed 9560K, reserved 1048576K

Card table byte_map: [0x0000000011790000,0x0000000011aa0000] byte_map_base: 0x0000000011290000

Marking Bits: (ParMarkBitMap*) 0x000000005e1518f0
 Begin Bits: [0x0000000012130000, 0x0000000013930000)
 End Bits:   [0x0000000013930000, 0x0000000015130000)

Polling page: 0x0000000000210000

CodeCache: size=245760Kb used=41706Kb max_used=41716Kb free=204053Kb
 bounds [0x00000000023d0000, 0x0000000004cd0000, 0x00000000113d0000]
 total_blobs=13095 nmethods=12312 adapters=696
 compilation: enabled

Compilation events (10 events):
Event: 3794.619 Thread 0x0000000055dce800 15389       3       org.gradle.launcher.daemon.server.health.DaemonMemoryStatus$1::<init> (10 bytes)
Event: 3794.619 Thread 0x0000000055dce800 nmethod 15389 0x00000000035ab250 code [0x00000000035ab3a0, 0x00000000035ab570]
Event: 3794.619 Thread 0x0000000055dce800 15390       3       org.gradle.launcher.daemon.server.health.LowPermGenDaemonExpirationStrategy::checkExpiration (37 bytes)
Event: 3794.679 Thread 0x0000000055dce800 nmethod 15390 0x0000000002ce0690 code [0x0000000002ce08c0, 0x0000000002ce13d8]
Event: 3794.681 Thread 0x0000000055dce800 15391       3       org.gradle.launcher.daemon.server.health.DaemonMemoryStatus::isPermGenSpaceExhausted (27 bytes)
Event: 3794.683 Thread 0x0000000055dce800 nmethod 15391 0x0000000002cdfe90 code [0x0000000002ce0020, 0x0000000002ce0458]
Event: 3795.150 Thread 0x0000000055dce800 15393       3       org.gradle.api.internal.artifacts.ivyservice.ivyresolve.parser.PomReader::parseDependencyMgt (105 bytes)
Event: 3795.191 Thread 0x0000000055dce800 nmethod 15393 0x00000000025a7fd0 code [0x00000000025a8220, 0x00000000025a8e78]
Event: 3795.816 Thread 0x0000000055dce800 15394       3       com.sun.org.apache.xerces.internal.util.XMLChar::isMarkup (24 bytes)
Event: 3795.817 Thread 0x0000000055dce800 nmethod 15394 0x0000000002cdfad0 code [0x0000000002cdfc20, 0x0000000002cdfe30]

GC Heap History (10 events):
Event: 642.891 GC heap before
{Heap before GC invocations=20 (full 5):
 PSYoungGen      total 348672K, used 64K [0x00000000e0000000, 0x00000000f6d00000, 0x0000000100000000)
  eden space 324608K, 0% used [0x00000000e0000000,0x00000000e0000000,0x00000000f3d00000)
  from space 24064K, 0% used [0x00000000f3d00000,0x00000000f3d10000,0x00000000f5480000)
  to   space 24576K, 0% used [0x00000000f5500000,0x00000000f5500000,0x00000000f6d00000)
 ParOldGen       total 99328K, used 51797K [0x00000000a0000000, 0x00000000a6100000, 0x00000000e0000000)
  object space 99328K, 52% used [0x00000000a0000000,0x00000000a3295490,0x00000000a6100000)
 Metaspace       used 66139K, capacity 69378K, committed 69592K, reserved 1110016K
  class space    used 8650K, capacity 9349K, committed 9432K, reserved 1048576K
Event: 643.560 GC heap after
Heap after GC invocations=20 (full 5):
 PSYoungGen      total 348672K, used 0K [0x00000000e0000000, 0x00000000f6d00000, 0x0000000100000000)
  eden space 324608K, 0% used [0x00000000e0000000,0x00000000e0000000,0x00000000f3d00000)
  from space 24064K, 0% used [0x00000000f3d00000,0x00000000f3d00000,0x00000000f5480000)
  to   space 24576K, 0% used [0x00000000f5500000,0x00000000f5500000,0x00000000f6d00000)
 ParOldGen       total 99328K, used 50949K [0x00000000a0000000, 0x00000000a6100000, 0x00000000e0000000)
  object space 99328K, 51% used [0x00000000a0000000,0x00000000a31c1770,0x00000000a6100000)
 Metaspace       used 66139K, capacity 69378K, committed 69592K, reserved 1110016K
  class space    used 8650K, capacity 9349K, committed 9432K, reserved 1048576K
}
Event: 644.927 GC heap before
{Heap before GC invocations=21 (full 5):
 PSYoungGen      total 348672K, used 3817K [0x00000000e0000000, 0x00000000f6d00000, 0x0000000100000000)
  eden space 324608K, 1% used [0x00000000e0000000,0x00000000e03ba590,0x00000000f3d00000)
  from space 24064K, 0% used [0x00000000f3d00000,0x00000000f3d00000,0x00000000f5480000)
  to   space 24576K, 0% used [0x00000000f5500000,0x00000000f5500000,0x00000000f6d00000)
 ParOldGen       total 99328K, used 50949K [0x00000000a0000000, 0x00000000a6100000, 0x00000000e0000000)
  object space 99328K, 51% used [0x00000000a0000000,0x00000000a31c1770,0x00000000a6100000)
 Metaspace       used 66139K, capacity 69378K, committed 69592K, reserved 1110016K
  class space    used 8650K, capacity 9349K, committed 9432K, reserved 1048576K
Event: 644.937 GC heap after
Heap after GC invocations=21 (full 5):
 PSYoungGen      total 349184K, used 32K [0x00000000e0000000, 0x00000000f6d00000, 0x0000000100000000)
  eden space 324608K, 0% used [0x00000000e0000000,0x00000000e0000000,0x00000000f3d00000)
  from space 24576K, 0% used [0x00000000f5500000,0x00000000f5508000,0x00000000f6d00000)
  to   space 24576K, 0% used [0x00000000f3d00000,0x00000000f3d00000,0x00000000f5500000)
 ParOldGen       total 99328K, used 50949K [0x00000000a0000000, 0x00000000a6100000, 0x00000000e0000000)
  object space 99328K, 51% used [0x00000000a0000000,0x00000000a31c1770,0x00000000a6100000)
 Metaspace       used 66139K, capacity 69378K, committed 69592K, reserved 1110016K
  class space    used 8650K, capacity 9349K, committed 9432K, reserved 1048576K
}
Event: 644.937 GC heap before
{Heap before GC invocations=22 (full 6):
 PSYoungGen      total 349184K, used 32K [0x00000000e0000000, 0x00000000f6d00000, 0x0000000100000000)
  eden space 324608K, 0% used [0x00000000e0000000,0x00000000e0000000,0x00000000f3d00000)
  from space 24576K, 0% used [0x00000000f5500000,0x00000000f5508000,0x00000000f6d00000)
  to   space 24576K, 0% used [0x00000000f3d00000,0x00000000f3d00000,0x00000000f5500000)
 ParOldGen       total 99328K, used 50949K [0x00000000a0000000, 0x00000000a6100000, 0x00000000e0000000)
  object space 99328K, 51% used [0x00000000a0000000,0x00000000a31c1770,0x00000000a6100000)
 Metaspace       used 66139K, capacity 69378K, committed 69592K, reserved 1110016K
  class space    used 8650K, capacity 9349K, committed 9432K, reserved 1048576K
Event: 645.472 GC heap after
Heap after GC invocations=22 (full 6):
 PSYoungGen      total 349184K, used 0K [0x00000000e0000000, 0x00000000f6d00000, 0x0000000100000000)
  eden space 324608K, 0% used [0x00000000e0000000,0x00000000e0000000,0x00000000f3d00000)
  from space 24576K, 0% used [0x00000000f5500000,0x00000000f5500000,0x00000000f6d00000)
  to   space 24576K, 0% used [0x00000000f3d00000,0x00000000f3d00000,0x00000000f5500000)
 ParOldGen       total 99328K, used 50933K [0x00000000a0000000, 0x00000000a6100000, 0x00000000e0000000)
  object space 99328K, 51% used [0x00000000a0000000,0x00000000a31bd7a8,0x00000000a6100000)
 Metaspace       used 66139K, capacity 69378K, committed 69592K, reserved 1110016K
  class space    used 8650K, capacity 9349K, committed 9432K, reserved 1048576K
}
Event: 701.229 GC heap before
{Heap before GC invocations=23 (full 6):
 PSYoungGen      total 349184K, used 324608K [0x00000000e0000000, 0x00000000f6d00000, 0x0000000100000000)
  eden space 324608K, 100% used [0x00000000e0000000,0x00000000f3d00000,0x00000000f3d00000)
  from space 24576K, 0% used [0x00000000f5500000,0x00000000f5500000,0x00000000f6d00000)
  to   space 24576K, 0% used [0x00000000f3d00000,0x00000000f3d00000,0x00000000f5500000)
 ParOldGen       total 99328K, used 50933K [0x00000000a0000000, 0x00000000a6100000, 0x00000000e0000000)
  object space 99328K, 51% used [0x00000000a0000000,0x00000000a31bd7a8,0x00000000a6100000)
 Metaspace       used 67195K, capacity 70488K, committed 70616K, reserved 1110016K
  class space    used 8704K, capacity 9416K, committed 9432K, reserved 1048576K
Event: 701.493 GC heap after
Heap after GC invocations=23 (full 6):
 PSYoungGen      total 349184K, used 11966K [0x00000000e0000000, 0x00000000fb600000, 0x0000000100000000)
  eden space 324608K, 0% used [0x00000000e0000000,0x00000000e0000000,0x00000000f3d00000)
  from space 24576K, 48% used [0x00000000f3d00000,0x00000000f48afbd0,0x00000000f5500000)
  to   space 24576K, 0% used [0x00000000f9e00000,0x00000000f9e00000,0x00000000fb600000)
 ParOldGen       total 99328K, used 50933K [0x00000000a0000000, 0x00000000a6100000, 0x00000000e0000000)
  object space 99328K, 51% used [0x00000000a0000000,0x00000000a31bd7a8,0x00000000a6100000)
 Metaspace       used 67195K, capacity 70488K, committed 70616K, reserved 1110016K
  class space    used 8704K, capacity 9416K, committed 9432K, reserved 1048576K
}
Event: 3759.157 GC heap before
{Heap before GC invocations=24 (full 6):
 PSYoungGen      total 349184K, used 336574K [0x00000000e0000000, 0x00000000fb600000, 0x0000000100000000)
  eden space 324608K, 100% used [0x00000000e0000000,0x00000000f3d00000,0x00000000f3d00000)
  from space 24576K, 48% used [0x00000000f3d00000,0x00000000f48afbd0,0x00000000f5500000)
  to   space 24576K, 0% used [0x00000000f9e00000,0x00000000f9e00000,0x00000000fb600000)
 ParOldGen       total 99328K, used 50933K [0x00000000a0000000, 0x00000000a6100000, 0x00000000e0000000)
  object space 99328K, 51% used [0x00000000a0000000,0x00000000a31bd7a8,0x00000000a6100000)
 Metaspace       used 67912K, capacity 71584K, committed 71768K, reserved 1112064K
  class space    used 8770K, capacity 9514K, committed 9560K, reserved 1048576K
Event: 3794.209 GC heap after
Heap after GC invocations=24 (full 6):
 PSYoungGen      total 420352K, used 23284K [0x00000000e0000000, 0x00000000fbd80000, 0x0000000100000000)
  eden space 395776K, 0% used [0x00000000e0000000,0x00000000e0000000,0x00000000f8280000)
  from space 24576K, 94% used [0x00000000f9e00000,0x00000000fb4bd1a8,0x00000000fb600000)
  to   space 28160K, 0% used [0x00000000f8280000,0x00000000f8280000,0x00000000f9e00000)
 ParOldGen       total 99328K, used 50941K [0x00000000a0000000, 0x00000000a6100000, 0x00000000e0000000)
  object space 99328K, 51% used [0x00000000a0000000,0x00000000a31bf7a8,0x00000000a6100000)
 Metaspace       used 67912K, capacity 71584K, committed 71768K, reserved 1112064K
  class space    used 8770K, capacity 9514K, committed 9560K, reserved 1048576K
}

Deoptimization events (10 events):
Event: 3321.624 Thread 0x0000000058b01800 Uncommon trap: reason=class_check action=maybe_recompile pc=0x0000000004246158 method=com.sun.org.apache.xerces.internal.parsers.AbstractSAXParser.endElement(Lcom/sun/org/apache/xerces/internal/xni/QName;Lcom/sun/org/apache/xerces/internal/xni/Augmentationþ×el2÷©@
Event: 3323.598 Thread 0x0000000058b01800 Uncommon trap: reason=class_check action=maybe_recompile pc=0x0000000003281bd4 method=java.util.Comparator.lambda$comparing$77a9974f$1(Ljava/util/function/Function;Ljava/lang/Object;Ljava/lang/Object;)I @ 2
Event: 3323.599 Thread 0x0000000058b01800 Uncommon trap: reason=class_check action=maybe_recompile pc=0x0000000003281bd4 method=java.util.Comparator.lambda$comparing$77a9974f$1(Ljava/util/function/Function;Ljava/lang/Object;Ljava/lang/Object;)I @ 2
Event: 3323.599 Thread 0x0000000058b01800 Uncommon trap: reason=class_check action=maybe_recompile pc=0x0000000003281bd4 method=java.util.Comparator.lambda$comparing$77a9974f$1(Ljava/util/function/Function;Ljava/lang/Object;Ljava/lang/Object;)I @ 2
Event: 3323.599 Thread 0x0000000058b01800 Uncommon trap: reason=class_check action=maybe_recompile pc=0x0000000003281bd4 method=java.util.Comparator.lambda$comparing$77a9974f$1(Ljava/util/function/Function;Ljava/lang/Object;Ljava/lang/Object;)I @ 2
Event: 3331.705 Thread 0x0000000058b01800 Uncommon trap: reason=predicate action=maybe_recompile pc=0x00000000046c3b30 method=org.gradle.internal.serialize.AbstractCollectionSerializer.readValues(Lorg/gradle/internal/serialize/Decoder;Ljava/util/Collection;)V @ 16
Event: 3335.085 Thread 0x0000000058b01800 Uncommon trap: reason=null_check action=make_not_entrant pc=0x0000000003b749bc method=java.io.ObjectStreamClass.lookup(Ljava/lang/Class;Z)Ljava/io/ObjectStreamClass; @ 45
Event: 3335.516 Thread 0x0000000058b01800 Uncommon trap: reason=class_check action=maybe_recompile pc=0x00000000035118f0 method=java.util.HashMap.removeNode(ILjava/lang/Object;Ljava/lang/Object;ZZ)Ljava/util/HashMap$Node; @ 143
Event: 3747.162 Thread 0x0000000058b06000 Uncommon trap: reason=unstable_if action=reinterpret pc=0x0000000004c77e94 method=org.codehaus.groovy.reflection.ParameterTypes.correctArguments([Ljava/lang/Object;)[Ljava/lang/Object; @ 60
Event: 3747.205 Thread 0x0000000058b06000 Uncommon trap: reason=unstable_if action=reinterpret pc=0x0000000004c6eb54 method=org.codehaus.groovy.reflection.ParameterTypes.correctArguments([Ljava/lang/Object;)[Ljava/lang/Object; @ 60

Internal exceptions (10 events):
Event: 3320.469 Thread 0x0000000058b01800 Exception <a 'sun/nio/fs/WindowsException'> (0x00000000ed8d46e0) thrown at [C:\src\android\AOSP-openjdk\external\jetbrains\jdk\hotspot\src\share\vm\prims\jni.cpp, line 709]
Event: 3320.469 Thread 0x0000000058b01800 Exception <a 'sun/nio/fs/WindowsException'> (0x00000000ed8d6460) thrown at [C:\src\android\AOSP-openjdk\external\jetbrains\jdk\hotspot\src\share\vm\prims\jni.cpp, line 709]
Event: 3320.470 Thread 0x0000000058b01800 Exception <a 'sun/nio/fs/WindowsException'> (0x00000000ed8d71d0) thrown at [C:\src\android\AOSP-openjdk\external\jetbrains\jdk\hotspot\src\share\vm\prims\jni.cpp, line 709]
Event: 3320.470 Thread 0x0000000058b01800 Exception <a 'sun/nio/fs/WindowsException'> (0x00000000ed8da1f0) thrown at [C:\src\android\AOSP-openjdk\external\jetbrains\jdk\hotspot\src\share\vm\prims\jni.cpp, line 709]
Event: 3320.470 Thread 0x0000000058b01800 Exception <a 'sun/nio/fs/WindowsException'> (0x00000000ed8daf50) thrown at [C:\src\android\AOSP-openjdk\external\jetbrains\jdk\hotspot\src\share\vm\prims\jni.cpp, line 709]
Event: 3320.470 Thread 0x0000000058b01800 Exception <a 'sun/nio/fs/WindowsException'> (0x00000000ed8dccf8) thrown at [C:\src\android\AOSP-openjdk\external\jetbrains\jdk\hotspot\src\share\vm\prims\jni.cpp, line 709]
Event: 3320.473 Thread 0x0000000058b01800 Exception <a 'sun/nio/fs/WindowsException'> (0x00000000ed8dda90) thrown at [C:\src\android\AOSP-openjdk\external\jetbrains\jdk\hotspot\src\share\vm\prims\jni.cpp, line 709]
Event: 3335.195 Thread 0x0000000058b01800 Exception <a 'sun/nio/fs/WindowsException'> (0x00000000f170aff0) thrown at [C:\src\android\AOSP-openjdk\external\jetbrains\jdk\hotspot\src\share\vm\prims\jni.cpp, line 709]
Event: 3745.485 Thread 0x0000000058b06000 Exception <a 'java/lang/ClassNotFoundException': asLocalRepo698_5ieklzkytpcaq60oxfz8az2elBeanInfo> (0x00000000f21026e8) thrown at [C:\src\android\AOSP-openjdk\external\jetbrains\jdk\hotspot\src\share\vm\classfile\systemDictionary.cpp, line 210]
Event: 3746.043 Thread 0x0000000058b06000 Exception <a 'java/lang/ClassNotFoundException': asLocalRepo698_5ieklzkytpcaq60oxfz8az2elCustomizer> (0x00000000f21116d8) thrown at [C:\src\android\AOSP-openjdk\external\jetbrains\jdk\hotspot\src\share\vm\classfile\systemDictionary.cpp, line 210]

Events (10 events):
Event: 3794.682 Executing VM operation: RevokeBias
Event: 3794.683 Executing VM operation: RevokeBias done
Event: 3794.739 Executing VM operation: RevokeBias
Event: 3794.739 Executing VM operation: RevokeBias done
Event: 3794.761 Executing VM operation: RevokeBias
Event: 3794.761 Executing VM operation: RevokeBias done
Event: 3794.761 Executing VM operation: RevokeBias
Event: 3794.761 Executing VM operation: RevokeBias done
Event: 3795.818 Thread 0x0000000055dce800 flushing nmethod 0x0000000002bca810
Event: 3800.065 Executing VM operation: RevokeBias


Dynamic libraries:
0x000000013f7e0000 - 0x000000013f811000 	D:\Program Files\Android\Android Studio\jre\bin\java.exe
0x0000000077b40000 - 0x0000000077cea000 	C:\Windows\SYSTEM32\ntdll.dll
0x0000000077920000 - 0x0000000077a3f000 	C:\Windows\system32\kernel32.dll
0x000007fefda60000 - 0x000007fefdaca000 	C:\Windows\system32\KERNELBASE.dll
0x000007feffd00000 - 0x000007feffddb000 	C:\Windows\system32\ADVAPI32.dll
0x000007feff620000 - 0x000007feff6bf000 	C:\Windows\system32\msvcrt.dll
0x000007feff600000 - 0x000007feff61f000 	C:\Windows\SYSTEM32\sechost.dll
0x000007feff850000 - 0x000007feff97d000 	C:\Windows\system32\RPCRT4.dll
0x0000000077a40000 - 0x0000000077b3a000 	C:\Windows\system32\USER32.dll
0x000007feffde0000 - 0x000007feffe47000 	C:\Windows\system32\GDI32.dll
0x000007feff980000 - 0x000007feff98e000 	C:\Windows\system32\LPK.dll
0x000007feff720000 - 0x000007feff7ea000 	C:\Windows\system32\USP10.dll
0x000007fefc820000 - 0x000007fefca14000 	C:\Windows\WinSxS\amd64_microsoft.windows.common-controls_6595b64144ccf1df_6.0.7601.18837_none_fa3b1e3d17594757\COMCTL32.dll
0x000007feff0a0000 - 0x000007feff111000 	C:\Windows\system32\SHLWAPI.dll
0x000007feff820000 - 0x000007feff84e000 	C:\Windows\system32\IMM32.DLL
0x000007feff410000 - 0x000007feff519000 	C:\Windows\system32\MSCTF.dll
0x0000000068a60000 - 0x0000000068b32000 	D:\Program Files\Android\Android Studio\jre\jre\bin\msvcr100.dll
0x000000005d990000 - 0x000000005e1cc000 	D:\Program Files\Android\Android Studio\jre\jre\bin\server\jvm.dll
0x000007fef3d50000 - 0x000007fef3d59000 	C:\Windows\system32\WSOCK32.dll
0x000007feff3c0000 - 0x000007feff40d000 	C:\Windows\system32\WS2_32.dll
0x000007feff7f0000 - 0x000007feff7f8000 	C:\Windows\system32\NSI.dll
0x000007fefacf0000 - 0x000007fefad2b000 	C:\Windows\system32\WINMM.dll
0x000007fefc630000 - 0x000007fefc63c000 	C:\Windows\system32\VERSION.dll
0x0000000077d00000 - 0x0000000077d07000 	C:\Windows\system32\PSAPI.DLL
0x000007fefabe0000 - 0x000007fefabef000 	D:\Program Files\Android\Android Studio\jre\jre\bin\verify.dll
0x000007fef7d10000 - 0x000007fef7d39000 	D:\Program Files\Android\Android Studio\jre\jre\bin\java.dll
0x000007fef70d0000 - 0x000007fef70e6000 	D:\Program Files\Android\Android Studio\jre\jre\bin\zip.dll
0x000007fefe180000 - 0x000007fefef0a000 	C:\Windows\system32\SHELL32.dll
0x000007feff120000 - 0x000007feff31c000 	C:\Windows\system32\ole32.dll
0x000007fefd830000 - 0x000007fefd83f000 	C:\Windows\system32\profapi.dll
0x000007fef6da0000 - 0x000007fef6dba000 	D:\Program Files\Android\Android Studio\jre\jre\bin\net.dll
0x000007fefcf80000 - 0x000007fefcfd5000 	C:\Windows\system32\mswsock.dll
0x000007fefcf70000 - 0x000007fefcf77000 	C:\Windows\System32\wship6.dll
0x000007fef6d80000 - 0x000007fef6d91000 	D:\Program Files\Android\Android Studio\jre\jre\bin\nio.dll
0x000007fef5180000 - 0x000007fef519e000 	C:\Users\Machkonti\.gradle\native\23\windows-amd64\native-platform.dll
0x000007fefcfe0000 - 0x000007fefcff8000 	C:\Windows\system32\CRYPTSP.dll
0x000007fefcce0000 - 0x000007fefcd27000 	C:\Windows\system32\rsaenh.dll
0x000007fefdb30000 - 0x000007fefdb4e000 	C:\Windows\system32\USERENV.dll
0x000007fefd6d0000 - 0x000007fefd6df000 	C:\Windows\system32\CRYPTBASE.dll
0x000007fefc7f0000 - 0x000007fefc817000 	C:\Windows\system32\IPHLPAPI.DLL
0x000007fefc7e0000 - 0x000007fefc7eb000 	C:\Windows\system32\WINNSI.DLL
0x000007fefb170000 - 0x000007fefb188000 	C:\Windows\system32\dhcpcsvc.DLL
0x000007fefb150000 - 0x000007fefb161000 	C:\Windows\system32\dhcpcsvc6.DLL
0x000007fef7cb0000 - 0x000007fef7cbd000 	D:\Program Files\Android\Android Studio\jre\jre\bin\management.dll
0x000007fefd670000 - 0x000007fefd6c7000 	C:\Windows\system32\apphelp.dll

VM Arguments:
jvm_args: -Xmx1536m -Dfile.encoding=windows-1251 -Duser.country=BG -Duser.language=bg -Duser.variant 
java_command: org.gradle.launcher.daemon.bootstrap.GradleDaemon 3.3
java_class_path (initial): C:\Users\Machkonti\.gradle\wrapper\dists\gradle-3.3-all\55gk2rcmfc6p2dg9u9ohc3hw9\gradle-3.3\lib\gradle-launcher-3.3.jar
Launcher Type: SUN_STANDARD

Environment Variables:
PATH=C:\ProgramData\Oracle\Java\javapath;C:\Windows\system32;C:\Windows;C:\Windows\System32\Wbem;C:\Windows\System32\WindowsPowerShell\v1.0\;C:\Program Files (x86)\Skype\Phone\;C:\Program Files\Git\cmd
USERNAME=Machkonti
OS=Windows_NT
PROCESSOR_IDENTIFIER=Intel64 Family 6 Model 23 Stepping 10, GenuineIntel



---------------  S Y S T E M  ---------------

OS: Windows 7 , 64 bit Build 7601 (6.1.7601.23714)

CPU:total 2 (2 cores per cpu, 1 threads per core) family 6 model 23 stepping 10, cmov, cx8, fxsr, mmx, sse, sse2, sse3, ssse3, tsc

Memory: 4k page, physical 4158552k(438408k free), swap 8315244k(2806576k free)

vm_info: OpenJDK 64-Bit Server VM (25.112-b06) for windows-amd64 JRE (1.8.0_112-release-b06), built on Dec  8 2016 00:54:26 by "builder" with MS VC++ 10.0 (VS2010)

time: Thu Apr 20 13:50:06 2017
elapsed time: 3855 seconds (0d 1h 4m 15s)

